Flow report for pfa_sensor_fusion
Mon Aug 18 11:55:15 2025
Quartus Prime Version 18.1.0 Build 625 09/12/2018 SJ Standard Edition


---------------------
; Table of Contents ;
---------------------
  1. Legal Notice
  2. Flow Summary
  3. Flow Settings
  4. Flow Non-Default Global Settings
  5. Flow Elapsed Time
  6. Flow OS Summary
  7. Flow Log
  8. Flow Messages
  9. Flow Suppressed Messages



----------------
; Legal Notice ;
----------------
Copyright (C) 2018  Intel Corporation. All rights reserved.
Your use of Intel Corporation's design tools, logic functions 
and other software and tools, and its AMPP partner logic 
functions, and any output files from any of the foregoing 
(including device programming or simulation files), and any 
associated documentation or information are expressly subject 
to the terms and conditions of the Intel Program License 
Subscription Agreement, the Intel Quartus Prime License Agreement,
the Intel FPGA IP License Agreement, or other applicable license
agreement, including, without limitation, that your use is for
the sole purpose of programming logic devices manufactured by
Intel and sold by Intel or its authorized distributors.  Please
refer to the applicable agreement for further details.



+--------------------------------------------------------------------------------------+
; Flow Summary                                                                         ;
+------------------------------------+-------------------------------------------------+
; Flow Status                        ; Successful - Mon Aug 18 11:55:11 2025           ;
; Quartus Prime Version              ; 18.1.0 Build 625 09/12/2018 SJ Standard Edition ;
; Revision Name                      ; pfa_sensor_fusion                               ;
; Top-level Entity Name              ; top_sdram_vga_system                            ;
; Family                             ; Cyclone IV E                                    ;
; Device                             ; EP4CE6E22C8                                     ;
; Timing Models                      ; Final                                           ;
; Total logic elements               ; 1,091 / 6,272 ( 17 % )                          ;
;     Total combinational functions  ; 850 / 6,272 ( 14 % )                            ;
;     Dedicated logic registers      ; 655 / 6,272 ( 10 % )                            ;
; Total registers                    ; 655                                             ;
; Total pins                         ; 50 / 92 ( 54 % )                                ;
; Total virtual pins                 ; 0                                               ;
; Total memory bits                  ; 230,400 / 276,480 ( 83 % )                      ;
; Embedded Multiplier 9-bit elements ; 0 / 30 ( 0 % )                                  ;
; Total PLLs                         ; 1 / 2 ( 50 % )                                  ;
+------------------------------------+-------------------------------------------------+


+-----------------------------------------+
; Flow Settings                           ;
+-------------------+---------------------+
; Option            ; Setting             ;
+-------------------+---------------------+
; Start date & time ; 08/18/2025 11:54:38 ;
; Main task         ; Compilation         ;
; Revision Name     ; pfa_sensor_fusion   ;
+-------------------+---------------------+


+--------------------------------------------------------------------------------------------------------------------------------------+
; Flow Non-Default Global Settings                                                                                                     ;
+-------------------------------------+----------------------------------------+-------------------+----------------------+------------+
; Assignment Name                     ; Value                                  ; Default Value     ; Entity Name          ; Section Id ;
+-------------------------------------+----------------------------------------+-------------------+----------------------+------------+
; COMPILER_SIGNATURE_ID               ; 2542817210397.175551447721492          ; --                ; --                   ; --         ;
; MAX_CORE_JUNCTION_TEMP              ; 85                                     ; --                ; --                   ; --         ;
; MIN_CORE_JUNCTION_TEMP              ; 0                                      ; --                ; --                   ; --         ;
; NOMINAL_CORE_SUPPLY_VOLTAGE         ; 1.2V                                   ; --                ; --                   ; --         ;
; PARTITION_COLOR                     ; -- (Not supported for targeted family) ; --                ; top_sdram_vga_system ; Top        ;
; PARTITION_FITTER_PRESERVATION_LEVEL ; -- (Not supported for targeted family) ; --                ; top_sdram_vga_system ; Top        ;
; PARTITION_NETLIST_TYPE              ; -- (Not supported for targeted family) ; --                ; top_sdram_vga_system ; Top        ;
; POWER_BOARD_THERMAL_MODEL           ; None (CONSERVATIVE)                    ; --                ; --                   ; --         ;
; POWER_PRESET_COOLING_SOLUTION       ; 23 MM HEAT SINK WITH 200 LFPM AIRFLOW  ; --                ; --                   ; --         ;
; PROJECT_OUTPUT_DIRECTORY            ; output_files                           ; --                ; --                   ; --         ;
; TOP_LEVEL_ENTITY                    ; top_sdram_vga_system                   ; pfa_sensor_fusion ; --                   ; --         ;
+-------------------------------------+----------------------------------------+-------------------+----------------------+------------+


+--------------------------------------------------------------------------------------------------------------------------+
; Flow Elapsed Time                                                                                                        ;
+----------------------+--------------+-------------------------+---------------------+------------------------------------+
; Module Name          ; Elapsed Time ; Average Processors Used ; Peak Virtual Memory ; Total CPU Time (on all processors) ;
+----------------------+--------------+-------------------------+---------------------+------------------------------------+
; Analysis & Synthesis ; 00:00:12     ; 1.0                     ; 4839 MB             ; 00:00:22                           ;
; Fitter               ; 00:00:18     ; 1.1                     ; 6147 MB             ; 00:00:27                           ;
; Assembler            ; 00:00:01     ; 1.0                     ; 4679 MB             ; 00:00:01                           ;
; Timing Analyzer      ; 00:00:03     ; 1.4                     ; 4869 MB             ; 00:00:03                           ;
; Total                ; 00:00:34     ; --                      ; --                  ; 00:00:53                           ;
+----------------------+--------------+-------------------------+---------------------+------------------------------------+


+------------------------------------------------------------------------------------+
; Flow OS Summary                                                                    ;
+----------------------+------------------+------------+------------+----------------+
; Module Name          ; Machine Hostname ; OS Name    ; OS Version ; Processor type ;
+----------------------+------------------+------------+------------+----------------+
; Analysis & Synthesis ; DESKTOP-BG4OATS  ; Windows 10 ; 10.0       ; x86_64         ;
; Fitter               ; DESKTOP-BG4OATS  ; Windows 10 ; 10.0       ; x86_64         ;
; Assembler            ; DESKTOP-BG4OATS  ; Windows 10 ; 10.0       ; x86_64         ;
; Timing Analyzer      ; DESKTOP-BG4OATS  ; Windows 10 ; 10.0       ; x86_64         ;
+----------------------+------------------+------------+------------+----------------+


------------
; Flow Log ;
------------
quartus_map --read_settings_files=on --write_settings_files=off pfa_sensor_fusion -c pfa_sensor_fusion
quartus_fit --read_settings_files=off --write_settings_files=off pfa_sensor_fusion -c pfa_sensor_fusion
quartus_asm --read_settings_files=off --write_settings_files=off pfa_sensor_fusion -c pfa_sensor_fusion
quartus_sta pfa_sensor_fusion -c pfa_sensor_fusion



